<?xml version="1.0" encoding="UTF-8"?>
<testng-results ignored="0" total="1" passed="1" failed="0" skipped="0">
  <reporter-output>
  </reporter-output>
  <suite started-at="2023-11-05T10:00:36 IST" name="Default suite" finished-at="2023-11-05T10:00:37 IST" duration-ms="953">
    <groups>
    </groups>
    <test started-at="2023-11-05T10:00:36 IST" name="Default test" finished-at="2023-11-05T10:00:37 IST" duration-ms="953">
      <class name="Com.Practice.Get_Call">
        <test-method is-config="true" signature="setup()[pri:0, instance:Com.Practice.Get_Call@4d5b6aac]" started-at="2023-11-05T10:00:30 IST" name="setup" finished-at="2023-11-05T10:00:36 IST" duration-ms="6335" status="PASS">
          <reporter-output>
          </reporter-output>
        </test-method> <!-- setup -->
        <test-method signature="popupTest()[pri:0, instance:Com.Practice.Get_Call@4d5b6aac]" started-at="2023-11-05T10:00:36 IST" name="popupTest" finished-at="2023-11-05T10:00:37 IST" duration-ms="864" status="PASS">
          <reporter-output>
          </reporter-output>
        </test-method> <!-- popupTest -->
        <test-method is-config="true" signature="tearDown()[pri:0, instance:Com.Practice.Get_Call@4d5b6aac]" started-at="2023-11-05T10:00:37 IST" name="tearDown" finished-at="2023-11-05T10:00:37 IST" duration-ms="44" status="PASS">
          <reporter-output>
          </reporter-output>
        </test-method> <!-- tearDown -->
      </class> <!-- Com.Practice.Get_Call -->
    </test> <!-- Default test -->
  </suite> <!-- Default suite -->
</testng-results>
